[PREINITIALIZATION][SERVER][INFO] Current loaders after merging: [[preinit]]
[PREINITIALIZATION][SERVER][INFO] Loading scripts for loader with names [preinit]
[PREINITIALIZATION][SERVER][INFO] [preinit | SIDE_SERVER]: Skipping file {[0:crafttweaker]: basic.zs} as we are currently loading with a different loader
[PREINITIALIZATION][SERVER][INFO] [preinit | SIDE_SERVER]: Skipping file {[0:crafttweaker]: Blockhead.zs} as we are currently loading with a different loader
[PREINITIALIZATION][SERVER][INFO] [preinit | SIDE_SERVER]: Skipping file {[0:crafttweaker]: Conjuration_constructionblockpowder.zs} as we are currently loading with a different loader
[PREINITIALIZATION][SERVER][INFO] [preinit | SIDE_SERVER]: Skipping file {[0:crafttweaker]: Cuck-Alex.zs} as we are currently loading with a different loader
[PREINITIALIZATION][SERVER][INFO] [preinit | SIDE_SERVER]: Skipping file {[0:crafttweaker]: dankNull.zs} as we are currently loading with a different loader
[PREINITIALIZATION][SERVER][INFO] [preinit | SIDE_SERVER]: Skipping file {[0:crafttweaker]: enderio.zs} as we are currently loading with a different loader
[PREINITIALIZATION][SERVER][INFO] [preinit | SIDE_SERVER]: Skipping file {[0:crafttweaker]: IE-AE.zs} as we are currently loading with a different loader
[PREINITIALIZATION][SERVER][INFO] [preinit | SIDE_SERVER]: Skipping file {[0:crafttweaker]: IE-balance.zs} as we are currently loading with a different loader
[PREINITIALIZATION][SERVER][INFO] [preinit | SIDE_SERVER]: Skipping file {[0:crafttweaker]: IE-EIO.zs} as we are currently loading with a different loader
[PREINITIALIZATION][SERVER][INFO] [preinit | SIDE_SERVER]: Skipping file {[0:crafttweaker]: IE_Crusher.zs} as we are currently loading with a different loader
[PREINITIALIZATION][SERVER][INFO] [preinit | SIDE_SERVER]: Skipping file {[0:crafttweaker]: infoaccessories.zs} as we are currently loading with a different loader
[PREINITIALIZATION][SERVER][INFO] [preinit | SIDE_SERVER]: Skipping file {[0:crafttweaker]: loots.zs} as we are currently loading with a different loader
[PREINITIALIZATION][SERVER][INFO] [preinit | SIDE_SERVER]: Skipping file {[0:crafttweaker]: manacookie-remove.zs} as we are currently loading with a different loader
[PREINITIALIZATION][SERVER][INFO] [preinit | SIDE_SERVER]: Skipping file {[0:crafttweaker]: map.zs} as we are currently loading with a different loader
[PREINITIALIZATION][SERVER][INFO] [preinit | SIDE_SERVER]: Skipping file {[0:crafttweaker]: PamHC.zs} as we are currently loading with a different loader
[PREINITIALIZATION][SERVER][INFO] [preinit | SIDE_SERVER]: Skipping file {[0:crafttweaker]: TC-slime_casting.zs} as we are currently loading with a different loader
[PREINITIALIZATION][SERVER][INFO] [preinit | SIDE_SERVER]: Skipping file {[0:crafttweaker]: TCon-EIO.zs} as we are currently loading with a different loader
[PREINITIALIZATION][SERVER][INFO] [preinit | SIDE_SERVER]: Skipping file {[0:crafttweaker]: Thaum-IE.zs} as we are currently loading with a different loader
[PREINITIALIZATION][SERVER][INFO] Completed script loading in: 2ms
[INITIALIZATION][SERVER][INFO] CraftTweaker: Building registry
[INITIALIZATION][SERVER][INFO] CraftTweaker: Successfully built item registry
[INITIALIZATION][SERVER][INFO] Current loaders after merging: [[preinit], [recipeevent | crafttweaker]]
[INITIALIZATION][SERVER][INFO] Loading scripts for loader with names [crafttweaker | recipeevent]
[INITIALIZATION][SERVER][INFO] [crafttweaker | SIDE_SERVER]: Loading Script: {[0:crafttweaker]: basic.zs}
[INITIALIZATION][SERVER][INFO] [crafttweaker | SIDE_SERVER]: Loading Script: {[0:crafttweaker]: Blockhead.zs}
[INITIALIZATION][SERVER][INFO] [crafttweaker | SIDE_SERVER]: Loading Script: {[0:crafttweaker]: Conjuration_constructionblockpowder.zs}
[INITIALIZATION][SERVER][INFO] [crafttweaker | SIDE_SERVER]: Loading Script: {[0:crafttweaker]: Cuck-Alex.zs}
[INITIALIZATION][SERVER][INFO] [crafttweaker | SIDE_SERVER]: Loading Script: {[0:crafttweaker]: dankNull.zs}
[INITIALIZATION][SERVER][INFO] [crafttweaker | SIDE_SERVER]: Loading Script: {[0:crafttweaker]: enderio.zs}
[INITIALIZATION][SERVER][INFO] [crafttweaker | SIDE_SERVER]: Loading Script: {[0:crafttweaker]: IE-AE.zs}
[INITIALIZATION][SERVER][INFO] Adding Crusher Recipe for Fluix Dust
[INITIALIZATION][SERVER][INFO] Adding Crusher Recipe for Certus Quartz Dust
[INITIALIZATION][SERVER][INFO] [crafttweaker | SIDE_SERVER]: Loading Script: {[0:crafttweaker]: IE-balance.zs}
[INITIALIZATION][SERVER][INFO] Adding Crusher Recipe for Melon Slice
[INITIALIZATION][SERVER][INFO] [crafttweaker | SIDE_SERVER]: Loading Script: {[0:crafttweaker]: IE-EIO.zs}
[INITIALIZATION][SERVER][INFO] Adding Crusher Recipe for Coal Powder
[INITIALIZATION][SERVER][INFO] [crafttweaker | SIDE_SERVER]: Loading Script: {[0:crafttweaker]: IE_Crusher.zs}
[INITIALIZATION][SERVER][INFO] Adding Crusher Recipe for Fluix Dust
[INITIALIZATION][SERVER][INFO] Adding Crusher Recipe for Certus Quartz Dust
[INITIALIZATION][SERVER][INFO] Adding Crusher Recipe for Melon Slice
[INITIALIZATION][SERVER][INFO] [crafttweaker | SIDE_SERVER]: Loading Script: {[0:crafttweaker]: infoaccessories.zs}
[INITIALIZATION][SERVER][INFO] [crafttweaker | SIDE_SERVER]: Loading Script: {[0:crafttweaker]: loots.zs}
[INITIALIZATION][SERVER][INFO] Queuing entry buildinggadgets:constructionpaste for addition to pool main of table minecraft:chests/village_blacksmith
[INITIALIZATION][SERVER][INFO] Queuing entry buildinggadgets:constructionpaste for addition to pool main of table minecraft:chests/igloo_chest
[INITIALIZATION][SERVER][INFO] Queuing entry buildinggadgets:constructionpaste for addition to pool main of table minecraft:chests/simple_dungeon
[INITIALIZATION][SERVER][INFO] Queuing entry buildinggadgets:constructionpaste for addition to pool main of table minecraft:chests/abandoned_mineshaft
[INITIALIZATION][SERVER][INFO] Queuing entry botania:manacookie for addition to pool main of table minecraft:chests/simple_dungeon
[INITIALIZATION][SERVER][INFO] Queuing entry botania:manacookie for addition to pool main of table minecraft:chests/abandoned_mineshaft
[INITIALIZATION][SERVER][INFO] Queuing entry buildinggadgets:constructionpaste for addition to pool main of table minecraft:chests/jungle_temple
[INITIALIZATION][SERVER][INFO] Queuing entry buildinggadgets:constructionpaste for addition to pool main of table minecraft:chests/desert_pyramid
[INITIALIZATION][SERVER][INFO] Queuing entry buildinggadgets:constructionpaste for addition to pool main of table minecraft:chests/woodland_mansion
[INITIALIZATION][SERVER][INFO] Queuing entry buildinggadgets:constructionpastecontainer for addition to pool main of table minecraft:chests/jungle_temple
[INITIALIZATION][SERVER][INFO] Queuing entry buildinggadgets:constructionpastecontainer for addition to pool main of table minecraft:chests/desert_pyramid
[INITIALIZATION][SERVER][INFO] Queuing entry buildinggadgets:constructionpastecontainer for addition to pool main of table minecraft:chests/woodland_mansion
[INITIALIZATION][SERVER][INFO] Queuing entry tconstruct:materials for addition to pool main of table minecraft:chests/jungle_temple
[INITIALIZATION][SERVER][INFO] Queuing entry tconstruct:materials for addition to pool main of table minecraft:chests/desert_pyramid
[INITIALIZATION][SERVER][INFO] Queuing entry tconstruct:materials for addition to pool main of table minecraft:chests/woodland_mansion
[INITIALIZATION][SERVER][INFO] Queuing entry botania:manacookie for addition to pool main of table minecraft:chests/jungle_temple
[INITIALIZATION][SERVER][INFO] Queuing entry botania:manacookie for addition to pool main of table minecraft:chests/desert_pyramid
[INITIALIZATION][SERVER][INFO] Queuing entry botania:manacookie for addition to pool main of table minecraft:chests/woodland_mansion
[INITIALIZATION][SERVER][INFO] Queuing entry buildinggadgets:constructionpaste for addition to pool main of table minecraft:chests/nether_bridge
[INITIALIZATION][SERVER][INFO] Queuing entry buildinggadgets:constructionpastecontainer for addition to pool main of table minecraft:chests/nether_bridge
[INITIALIZATION][SERVER][INFO] Queuing entry buildinggadgets:constructionpastecontainert2 for addition to pool main of table minecraft:chests/nether_bridge
[INITIALIZATION][SERVER][INFO] Queuing entry tconstruct:materials for addition to pool main of table minecraft:chests/nether_bridge
[INITIALIZATION][SERVER][INFO] Queuing entry buildinggadgets:constructionpaste for addition to pool main of table minecraft:chests/stronghold_corridor
[INITIALIZATION][SERVER][INFO] Queuing entry buildinggadgets:constructionpaste for addition to pool main of table minecraft:chests/stronghold_crossing
[INITIALIZATION][SERVER][INFO] Queuing entry buildinggadgets:constructionpaste for addition to pool main of table minecraft:chests/stronghold_library
[INITIALIZATION][SERVER][INFO] Queuing entry buildinggadgets:constructionpastecontainert2 for addition to pool main of table minecraft:chests/stronghold_corridor
[INITIALIZATION][SERVER][INFO] Queuing entry buildinggadgets:constructionpastecontainert2 for addition to pool main of table minecraft:chests/stronghold_crossing
[INITIALIZATION][SERVER][INFO] Queuing entry buildinggadgets:constructionpastecontainert2 for addition to pool main of table minecraft:chests/stronghold_library
[INITIALIZATION][SERVER][INFO] Queuing entry buildinggadgets:constructionpastecontainert3 for addition to pool main of table minecraft:chests/stronghold_corridor
[INITIALIZATION][SERVER][INFO] Queuing entry buildinggadgets:constructionpastecontainert3 for addition to pool main of table minecraft:chests/stronghold_crossing
[INITIALIZATION][SERVER][INFO] Queuing entry buildinggadgets:constructionpastecontainert3 for addition to pool main of table minecraft:chests/stronghold_library
[INITIALIZATION][SERVER][INFO] Queuing entry tconstruct:materials for addition to pool main of table minecraft:chests/stronghold_corridor
[INITIALIZATION][SERVER][INFO] Queuing entry tconstruct:materials for addition to pool main of table minecraft:chests/stronghold_crossing
[INITIALIZATION][SERVER][INFO] Queuing entry tconstruct:materials for addition to pool main of table minecraft:chests/stronghold_library
[INITIALIZATION][SERVER][INFO] Queuing entry buildinggadgets:constructionpastecontainert3 for addition to pool main of table minecraft:chests/end_city_treasure
[INITIALIZATION][SERVER][INFO] Queuing entry tconstruct:materials for addition to pool main of table minecraft:chests/end_city_treasure
[INITIALIZATION][SERVER][INFO] [crafttweaker | SIDE_SERVER]: Loading Script: {[0:crafttweaker]: manacookie-remove.zs}
[INITIALIZATION][SERVER][INFO] [crafttweaker | SIDE_SERVER]: Loading Script: {[0:crafttweaker]: map.zs}
[INITIALIZATION][SERVER][INFO] [crafttweaker | SIDE_SERVER]: Loading Script: {[0:crafttweaker]: PamHC.zs}
[INITIALIZATION][SERVER][INFO] [crafttweaker | SIDE_SERVER]: Loading Script: {[0:crafttweaker]: TC-slime_casting.zs}
[INITIALIZATION][SERVER][INFO] [crafttweaker | SIDE_SERVER]: Loading Script: {[0:crafttweaker]: TCon-EIO.zs}
[INITIALIZATION][SERVER][INFO] Altering Alloy Recipe(s) for <liquid:energetic_alloy>
[INITIALIZATION][SERVER][INFO] Altering Alloy Recipe(s) for <liquid:vibrant_alloy>
[INITIALIZATION][SERVER][INFO] Altering Alloy Recipe(s) for <liquid:conductive_iron>
[INITIALIZATION][SERVER][INFO] Altering Alloy Recipe(s) for <liquid:dark_steel>
[INITIALIZATION][SERVER][INFO] Altering Alloy Recipe(s) for <liquid:pulsating_iron>
[INITIALIZATION][SERVER][INFO] [crafttweaker | SIDE_SERVER]: Loading Script: {[0:crafttweaker]: Thaum-IE.zs}
[INITIALIZATION][SERVER][INFO] Completed script loading in: 535ms
[POSTINITIALIZATION][SERVER][INFO] Removing recipes for various outputs
[POSTINITIALIZATION][SERVER][INFO] Removing Shaped recipes for <minecraft:map>
[POSTINITIALIZATION][SERVER][INFO] 1 removed
[POSTINITIALIZATION][SERVER][INFO] Removing all occurences of ingredient: <minecraft:iron_ingot> and replacing them with <enderio:item_alloy_ingot:6>
[POSTINITIALIZATION][SERVER][INFO] Removing all occurences of ingredient: <minecraft:redstone> and replacing them with <immersiveengineering:metal_decoration0:3>
[POSTINITIALIZATION][SERVER][INFO] Removing all occurences of ingredient: <minecraft:comparator> and replacing them with <immersiveengineering:metal_decoration0:5>
[POSTINITIALIZATION][SERVER][INFO] Removing all occurences of ingredient: <minecraft:gold_ingot> and replacing them with <ore:ingotEnergeticAlloy>
[POSTINITIALIZATION][SERVER][INFO] Removing all occurences of ingredient: <minecraft:diamond> and replacing them with <enderio:item_material:41>
[POSTINITIALIZATION][SERVER][INFO] Removing all occurences of ingredient: <ore:blockGlass> and replacing them with <ore:blockGlassHardened>
[POSTINITIALIZATION][SERVER][INFO] Removing all occurences of ingredient: <minecraft:iron_ingot> and replacing them with <enderio:item_alloy_ingot:6>
[POSTINITIALIZATION][SERVER][INFO] Removing all occurences of ingredient: <minecraft:redstone> and replacing them with <immersiveengineering:metal_decoration0:3>
[POSTINITIALIZATION][SERVER][INFO] Removing all occurences of ingredient: <minecraft:comparator> and replacing them with <immersiveengineering:metal_decoration0:5>
[POSTINITIALIZATION][SERVER][INFO] Removing all occurences of ingredient: <minecraft:gold_ingot> and replacing them with <ore:ingotEnergeticAlloy>
[POSTINITIALIZATION][SERVER][INFO] Removing all occurences of ingredient: <minecraft:diamond> and replacing them with <enderio:item_material:41>
[POSTINITIALIZATION][SERVER][INFO] Removing all occurences of ingredient: <ore:blockGlass> and replacing them with <ore:blockGlassHardened>
[POSTINITIALIZATION][SERVER][INFO] Removing all occurences of ingredient: <minecraft:iron_ingot> and replacing them with <enderio:item_alloy_ingot:6>
[POSTINITIALIZATION][SERVER][INFO] Removing all occurences of ingredient: <minecraft:redstone> and replacing them with <immersiveengineering:metal_decoration0:3>
[POSTINITIALIZATION][SERVER][INFO] Removing all occurences of ingredient: <minecraft:comparator> and replacing them with <immersiveengineering:metal_decoration0:5>
[POSTINITIALIZATION][SERVER][INFO] Removing all occurences of ingredient: <minecraft:gold_ingot> and replacing them with <ore:ingotEnergeticAlloy>
[POSTINITIALIZATION][SERVER][INFO] Removing all occurences of ingredient: <minecraft:diamond> and replacing them with <enderio:item_material:41>
[POSTINITIALIZATION][SERVER][INFO] Removing all occurences of ingredient: <ore:blockGlass> and replacing them with <ore:blockGlassHardened>
[POSTINITIALIZATION][SERVER][INFO] Removing all occurences of ingredient: <minecraft:iron_ingot> and replacing them with <enderio:item_alloy_ingot:6>
[POSTINITIALIZATION][SERVER][INFO] Removing all occurences of ingredient: <minecraft:redstone> and replacing them with <immersiveengineering:metal_decoration0:3>
[POSTINITIALIZATION][SERVER][INFO] Removing all occurences of ingredient: <minecraft:comparator> and replacing them with <immersiveengineering:metal_decoration0:5>
[POSTINITIALIZATION][SERVER][INFO] Removing all occurences of ingredient: <minecraft:gold_ingot> and replacing them with <ore:ingotEnergeticAlloy>
[POSTINITIALIZATION][SERVER][INFO] Removing all occurences of ingredient: <minecraft:diamond> and replacing them with <enderio:item_material:41>
[POSTINITIALIZATION][SERVER][INFO] Removing all occurences of ingredient: <ore:blockGlass> and replacing them with <ore:blockGlassHardened>
[POSTINITIALIZATION][SERVER][INFO] Removing all occurences of ingredient: <minecraft:iron_ingot> and replacing them with <enderio:item_alloy_ingot:6>
[POSTINITIALIZATION][SERVER][INFO] Removing all occurences of ingredient: <minecraft:redstone> and replacing them with <immersiveengineering:metal_decoration0:3>
[POSTINITIALIZATION][SERVER][INFO] Removing all occurences of ingredient: <minecraft:comparator> and replacing them with <immersiveengineering:metal_decoration0:5>
[POSTINITIALIZATION][SERVER][INFO] Removing all occurences of ingredient: <minecraft:gold_ingot> and replacing them with <ore:ingotEnergeticAlloy>
[POSTINITIALIZATION][SERVER][INFO] Removing all occurences of ingredient: <minecraft:diamond> and replacing them with <enderio:item_material:41>
[POSTINITIALIZATION][SERVER][INFO] Removing all occurences of ingredient: <ore:blockGlass> and replacing them with <ore:blockGlassHardened>
[POSTINITIALIZATION][SERVER][INFO] Removing all occurences of ingredient: <minecraft:iron_ingot> and replacing them with <enderio:item_alloy_ingot:6>
[POSTINITIALIZATION][SERVER][INFO] Removing all occurences of ingredient: <minecraft:redstone> and replacing them with <immersiveengineering:metal_decoration0:3>
[POSTINITIALIZATION][SERVER][INFO] Removing all occurences of ingredient: <minecraft:comparator> and replacing them with <immersiveengineering:metal_decoration0:5>
[POSTINITIALIZATION][SERVER][INFO] Removing all occurences of ingredient: <minecraft:gold_ingot> and replacing them with <ore:ingotEnergeticAlloy>
[POSTINITIALIZATION][SERVER][INFO] Removing all occurences of ingredient: <minecraft:diamond> and replacing them with <enderio:item_material:41>
[POSTINITIALIZATION][SERVER][INFO] Removing all occurences of ingredient: <ore:blockGlass> and replacing them with <ore:blockGlassHardened>
[POSTINITIALIZATION][SERVER][INFO] Removing all occurences of ingredient: <minecraft:iron_ingot> and replacing them with <enderio:item_alloy_ingot:6>
[POSTINITIALIZATION][SERVER][INFO] Removing all occurences of ingredient: <minecraft:redstone> and replacing them with <immersiveengineering:metal_decoration0:3>
[POSTINITIALIZATION][SERVER][INFO] Removing all occurences of ingredient: <minecraft:comparator> and replacing them with <immersiveengineering:metal_decoration0:5>
[POSTINITIALIZATION][SERVER][INFO] Removing all occurences of ingredient: <minecraft:gold_ingot> and replacing them with <ore:ingotEnergeticAlloy>
[POSTINITIALIZATION][SERVER][INFO] Removing all occurences of ingredient: <minecraft:diamond> and replacing them with <enderio:item_material:41>
[POSTINITIALIZATION][SERVER][INFO] Removing all occurences of ingredient: <ore:blockGlass> and replacing them with <ore:blockGlassHardened>
[POSTINITIALIZATION][SERVER][INFO] Removing all occurences of ingredient: <minecraft:iron_ingot> and replacing them with <enderio:item_alloy_ingot:6>
[POSTINITIALIZATION][SERVER][INFO] Removing all occurences of ingredient: <minecraft:redstone> and replacing them with <immersiveengineering:metal_decoration0:3>
[POSTINITIALIZATION][SERVER][INFO] Removing all occurences of ingredient: <minecraft:comparator> and replacing them with <immersiveengineering:metal_decoration0:5>
[POSTINITIALIZATION][SERVER][INFO] Removing all occurences of ingredient: <minecraft:gold_ingot> and replacing them with <ore:ingotEnergeticAlloy>
[POSTINITIALIZATION][SERVER][INFO] Removing all occurences of ingredient: <minecraft:diamond> and replacing them with <enderio:item_material:41>
[POSTINITIALIZATION][SERVER][INFO] Removing all occurences of ingredient: <ore:blockGlass> and replacing them with <ore:blockGlassHardened>
[POSTINITIALIZATION][SERVER][INFO] Removing all occurences of ingredient: <minecraft:iron_ingot> and replacing them with <enderio:item_alloy_ingot:6>
[POSTINITIALIZATION][SERVER][INFO] Removing all occurences of ingredient: <minecraft:redstone> and replacing them with <immersiveengineering:metal_decoration0:3>
[POSTINITIALIZATION][SERVER][INFO] Removing all occurences of ingredient: <minecraft:comparator> and replacing them with <immersiveengineering:metal_decoration0:5>
[POSTINITIALIZATION][SERVER][INFO] Removing all occurences of ingredient: <minecraft:gold_ingot> and replacing them with <ore:ingotEnergeticAlloy>
[POSTINITIALIZATION][SERVER][INFO] Removing all occurences of ingredient: <minecraft:diamond> and replacing them with <enderio:item_material:41>
[POSTINITIALIZATION][SERVER][INFO] Removing all occurences of ingredient: <ore:blockGlass> and replacing them with <ore:blockGlassHardened>
[POSTINITIALIZATION][SERVER][INFO] Removing all occurences of ingredient: <minecraft:iron_ingot> and replacing them with <enderio:item_alloy_ingot:6>
[POSTINITIALIZATION][SERVER][INFO] Removing all occurences of ingredient: <minecraft:redstone> and replacing them with <immersiveengineering:metal_decoration0:3>
[POSTINITIALIZATION][SERVER][INFO] Removing all occurences of ingredient: <minecraft:comparator> and replacing them with <immersiveengineering:metal_decoration0:5>
[POSTINITIALIZATION][SERVER][INFO] Removing all occurences of ingredient: <minecraft:gold_ingot> and replacing them with <ore:ingotEnergeticAlloy>
[POSTINITIALIZATION][SERVER][INFO] Removing all occurences of ingredient: <minecraft:diamond> and replacing them with <enderio:item_material:41>
[POSTINITIALIZATION][SERVER][INFO] Removing all occurences of ingredient: <ore:blockGlass> and replacing them with <ore:blockGlassHardened>
[POSTINITIALIZATION][SERVER][INFO] Removing all occurences of ingredient: <minecraft:iron_ingot> and replacing them with <enderio:item_alloy_ingot:6>
[POSTINITIALIZATION][SERVER][INFO] Removing all occurences of ingredient: <minecraft:redstone> and replacing them with <immersiveengineering:metal_decoration0:3>
[POSTINITIALIZATION][SERVER][INFO] Removing all occurences of ingredient: <minecraft:comparator> and replacing them with <immersiveengineering:metal_decoration0:5>
[POSTINITIALIZATION][SERVER][INFO] Removing all occurences of ingredient: <minecraft:gold_ingot> and replacing them with <ore:ingotEnergeticAlloy>
[POSTINITIALIZATION][SERVER][INFO] Removing all occurences of ingredient: <minecraft:diamond> and replacing them with <enderio:item_material:41>
[POSTINITIALIZATION][SERVER][INFO] Removing all occurences of ingredient: <ore:blockGlass> and replacing them with <ore:blockGlassHardened>
[POSTINITIALIZATION][SERVER][INFO] Removing all occurences of ingredient: <minecraft:iron_ingot> and replacing them with <enderio:item_alloy_ingot:6>
[POSTINITIALIZATION][SERVER][INFO] Removing all occurences of ingredient: <minecraft:redstone> and replacing them with <immersiveengineering:metal_decoration0:3>
[POSTINITIALIZATION][SERVER][INFO] Removing all occurences of ingredient: <minecraft:comparator> and replacing them with <immersiveengineering:metal_decoration0:5>
[POSTINITIALIZATION][SERVER][INFO] Removing all occurences of ingredient: <minecraft:gold_ingot> and replacing them with <ore:ingotEnergeticAlloy>
[POSTINITIALIZATION][SERVER][INFO] Removing all occurences of ingredient: <minecraft:diamond> and replacing them with <enderio:item_material:41>
[POSTINITIALIZATION][SERVER][INFO] Removing all occurences of ingredient: <ore:blockGlass> and replacing them with <ore:blockGlassHardened>
[POSTINITIALIZATION][SERVER][INFO] Removing all occurences of ingredient: <minecraft:iron_ingot> and replacing them with <enderio:item_alloy_ingot:6>
[POSTINITIALIZATION][SERVER][INFO] Removing all occurences of ingredient: <minecraft:redstone> and replacing them with <immersiveengineering:metal_decoration0:3>
[POSTINITIALIZATION][SERVER][INFO] Removing all occurences of ingredient: <minecraft:comparator> and replacing them with <immersiveengineering:metal_decoration0:5>
[POSTINITIALIZATION][SERVER][INFO] Removing all occurences of ingredient: <minecraft:gold_ingot> and replacing them with <ore:ingotEnergeticAlloy>
[POSTINITIALIZATION][SERVER][INFO] Removing all occurences of ingredient: <minecraft:diamond> and replacing them with <enderio:item_material:41>
[POSTINITIALIZATION][SERVER][INFO] Removing all occurences of ingredient: <ore:blockGlass> and replacing them with <ore:blockGlassHardened>
[POSTINITIALIZATION][SERVER][INFO] Removing all occurences of ingredient: <minecraft:iron_ingot> and replacing them with <enderio:item_alloy_ingot:6>
[POSTINITIALIZATION][SERVER][INFO] Removing all occurences of ingredient: <minecraft:redstone> and replacing them with <immersiveengineering:metal_decoration0:3>
[POSTINITIALIZATION][SERVER][INFO] Removing all occurences of ingredient: <minecraft:comparator> and replacing them with <immersiveengineering:metal_decoration0:5>
[POSTINITIALIZATION][SERVER][INFO] Removing all occurences of ingredient: <minecraft:gold_ingot> and replacing them with <ore:ingotEnergeticAlloy>
[POSTINITIALIZATION][SERVER][INFO] Removing all occurences of ingredient: <minecraft:diamond> and replacing them with <enderio:item_material:41>
[POSTINITIALIZATION][SERVER][INFO] Removing all occurences of ingredient: <ore:blockGlass> and replacing them with <ore:blockGlassHardened>
[POSTINITIALIZATION][SERVER][INFO] Removing all occurences of ingredient: <minecraft:iron_ingot> and replacing them with <enderio:item_alloy_ingot:6>
[POSTINITIALIZATION][SERVER][INFO] Removing all occurences of ingredient: <minecraft:redstone> and replacing them with <immersiveengineering:metal_decoration0:3>
[POSTINITIALIZATION][SERVER][INFO] Removing all occurences of ingredient: <minecraft:comparator> and replacing them with <immersiveengineering:metal_decoration0:5>
[POSTINITIALIZATION][SERVER][INFO] Removing all occurences of ingredient: <minecraft:gold_ingot> and replacing them with <ore:ingotEnergeticAlloy>
[POSTINITIALIZATION][SERVER][INFO] Removing all occurences of ingredient: <minecraft:diamond> and replacing them with <enderio:item_material:41>
[POSTINITIALIZATION][SERVER][INFO] Removing all occurences of ingredient: <ore:blockGlass> and replacing them with <ore:blockGlassHardened>
[POSTINITIALIZATION][SERVER][INFO] Removing all occurences of ingredient: <minecraft:iron_ingot> and replacing them with <enderio:item_alloy_ingot:6>
[POSTINITIALIZATION][SERVER][INFO] Removing all occurences of ingredient: <minecraft:redstone> and replacing them with <immersiveengineering:metal_decoration0:3>
[POSTINITIALIZATION][SERVER][INFO] Removing all occurences of ingredient: <minecraft:comparator> and replacing them with <immersiveengineering:metal_decoration0:5>
[POSTINITIALIZATION][SERVER][INFO] Removing all occurences of ingredient: <minecraft:gold_ingot> and replacing them with <ore:ingotEnergeticAlloy>
[POSTINITIALIZATION][SERVER][INFO] Removing all occurences of ingredient: <minecraft:diamond> and replacing them with <enderio:item_material:41>
[POSTINITIALIZATION][SERVER][INFO] Removing all occurences of ingredient: <ore:blockGlass> and replacing them with <ore:blockGlassHardened>
[POSTINITIALIZATION][SERVER][INFO] Removing all occurences of ingredient: <minecraft:iron_ingot> and replacing them with <enderio:item_alloy_ingot:6>
[POSTINITIALIZATION][SERVER][INFO] Removing all occurences of ingredient: <minecraft:redstone> and replacing them with <immersiveengineering:metal_decoration0:3>
[POSTINITIALIZATION][SERVER][INFO] Removing all occurences of ingredient: <minecraft:comparator> and replacing them with <immersiveengineering:metal_decoration0:5>
[POSTINITIALIZATION][SERVER][INFO] Removing all occurences of ingredient: <minecraft:gold_ingot> and replacing them with <ore:ingotEnergeticAlloy>
[POSTINITIALIZATION][SERVER][INFO] Removing all occurences of ingredient: <minecraft:diamond> and replacing them with <enderio:item_material:41>
[POSTINITIALIZATION][SERVER][INFO] Removing all occurences of ingredient: <ore:blockGlass> and replacing them with <ore:blockGlassHardened>
[POSTINITIALIZATION][SERVER][INFO] Removing all occurences of ingredient: <minecraft:iron_ingot> and replacing them with <enderio:item_alloy_ingot:6>
[POSTINITIALIZATION][SERVER][INFO] Removing all occurences of ingredient: <minecraft:redstone> and replacing them with <immersiveengineering:metal_decoration0:3>
[POSTINITIALIZATION][SERVER][INFO] Removing all occurences of ingredient: <minecraft:comparator> and replacing them with <immersiveengineering:metal_decoration0:5>
[POSTINITIALIZATION][SERVER][INFO] Removing all occurences of ingredient: <minecraft:gold_ingot> and replacing them with <ore:ingotEnergeticAlloy>
[POSTINITIALIZATION][SERVER][INFO] Removing all occurences of ingredient: <minecraft:diamond> and replacing them with <enderio:item_material:41>
[POSTINITIALIZATION][SERVER][INFO] Removing all occurences of ingredient: <ore:blockGlass> and replacing them with <ore:blockGlassHardened>
[POSTINITIALIZATION][SERVER][INFO] Removing all occurences of ingredient: <minecraft:redstone> and replacing them with <immersiveengineering:metal_device0:2>
[POSTINITIALIZATION][SERVER][INFO] Removing all occurences of ingredient: <minecraft:redstone> and replacing them with <immersiveengineering:metal_device0:2>
[POSTINITIALIZATION][SERVER][INFO] Removing Shaped recipes for <minecraft:map>
[POSTINITIALIZATION][SERVER][INFO] 0 removed
[POSTINITIALIZATION][SERVER][INFO] Removing Shapeless recipes for <harvestcraft:plainyogurtitem> * 4
[POSTINITIALIZATION][SERVER][INFO] Removing 1 Shapeless recipes.
[POSTINITIALIZATION][SERVER][INFO] Removing Shapeless recipes for <harvestcraft:pizzasliceitem> * 3
[POSTINITIALIZATION][SERVER][INFO] Removing 1 Shapeless recipes.
[POSTINITIALIZATION][SERVER][INFO] Removing Shaped recipes for <thaumcraft:plate:*> * 3
[POSTINITIALIZATION][SERVER][INFO] 4 removed
[POSTINITIALIZATION][SERVER][INFO] Adding shaped recipe for Saddle with name ct_shaped-1963552709
[POSTINITIALIZATION][SERVER][INFO] Adding shaped recipe for Iron Horse Armor with name ct_shaped50558190
[POSTINITIALIZATION][SERVER][INFO] Adding shaped recipe for Gold Horse Armor with name ct_shaped-77684552
[POSTINITIALIZATION][SERVER][INFO] Adding shaped recipe for Diamond Horse Armor with name ct_shaped-1047045500
[POSTINITIALIZATION][SERVER][INFO] Adding shapeless recipe for Rabbit Hide with name ct_shapeless-1876651870
[POSTINITIALIZATION][SERVER][INFO] Adding shapeless recipe for Ink Sac with name ct_shapeless-637414707
[POSTINITIALIZATION][SERVER][INFO] Adding shapeless recipe for Feather with name ct_shapeless1197449484
[POSTINITIALIZATION][SERVER][INFO] Adding shaped recipe for Empty Map with name ct_shaped-1800801569
[POSTINITIALIZATION][SERVER][INFO] Adding shapeless recipe for Cooking for Blockheads II with name ct_shapeless-1462338246
[POSTINITIALIZATION][SERVER][INFO] Adding shapeless recipe for Milk with name ct_shapeless-775477736
[POSTINITIALIZATION][SERVER][INFO] Adding shaped recipe for Fruit Basket with name ct_shaped-351687835
[POSTINITIALIZATION][SERVER][INFO] Adding shaped recipe for RedStone /dank/null Panel with name ct_shaped-713781890
[POSTINITIALIZATION][SERVER][INFO] Adding shaped recipe for Lapis /dank/null Panel with name ct_shaped-1127106334
[POSTINITIALIZATION][SERVER][INFO] Adding shaped recipe for Iron /dank/null Panel with name ct_shaped-675638623
[POSTINITIALIZATION][SERVER][INFO] Adding shaped recipe for Gold /dank/null Panel with name ct_shaped-1182121372
[POSTINITIALIZATION][SERVER][INFO] Adding shaped recipe for Diamond /dank/null Panel with name ct_shaped-1060506412
[POSTINITIALIZATION][SERVER][INFO] Adding shaped recipe for Emerald /dank/null Panel with name ct_shaped738221361
[POSTINITIALIZATION][SERVER][INFO] Adding shaped recipe for /dank/null/ with name ct_shaped2146969957
[POSTINITIALIZATION][SERVER][INFO] Adding shaped recipe for /dank/null/MK II with name danknull 1
[POSTINITIALIZATION][SERVER][INFO] Adding shaped recipe for /dank/null/MK III with name danknull 2
[POSTINITIALIZATION][SERVER][INFO] Adding shaped recipe for /dank/null/MK IV with name danknull 3
[POSTINITIALIZATION][SERVER][INFO] Adding shaped recipe for /dank/null/MK V with name danknull 4
[POSTINITIALIZATION][SERVER][INFO] Adding shaped recipe for /dank/null/MK VI with name danknull 5
[POSTINITIALIZATION][SERVER][INFO] Adding shaped recipe for Simple Machine Chassis with name ct_shaped-624977626
[POSTINITIALIZATION][SERVER][INFO] Adding shaped recipe for Heavy Engineering Block with name heavy_engineering_tweaked
[POSTINITIALIZATION][SERVER][INFO] Adding shaped recipe for Light Engineering Block with name light_engineering_tweaked
[POSTINITIALIZATION][SERVER][INFO] Adding shaped recipe for Stopwatch with name ct_shaped-2121703234
[POSTINITIALIZATION][SERVER][INFO] Adding shaped recipe for Sextant with name ct_shaped-731087020
[POSTINITIALIZATION][SERVER][INFO] Adding shaped recipe for Depth Meter with name ct_shaped-1695431866
[POSTINITIALIZATION][SERVER][INFO] Adding shaped recipe for Calendar with name ct_shaped-1439989981
[POSTINITIALIZATION][SERVER][INFO] Adding shaped recipe for Biomealyzer with name ct_shaped602971778
[POSTINITIALIZATION][SERVER][INFO] Adding shaped recipe for Empty Map with name ct_shaped-1800801568
[POSTINITIALIZATION][SERVER][INFO] Adding shapeless recipe for Honey with name ct_shapeless-369890573
[POSTINITIALIZATION][SERVER][INFO] Adding shapeless recipe for Beetroot Soup with name ct_shapeless-1943926221
[POSTINITIALIZATION][SERVER][INFO] Adding shapeless recipe for Iron Plate with name ct_shapeless1993789989
[POSTINITIALIZATION][SERVER][INFO] Adding shapeless recipe for Celestial Notes with name ct_shapeless435098016
[POSTINITIALIZATION][SERVER][INFO] Adding shapeless recipe for Celestial Notes with name ct_shapeless685472256
[POSTINITIALIZATION][SERVER][INFO] Adding shapeless recipe for Celestial Notes with name ct_shapeless1845909152
[POSTINITIALIZATION][SERVER][INFO] Adding shapeless recipe for Celestial Notes with name ct_shapeless-1288621248
[POSTINITIALIZATION][SERVER][INFO] Adding shapeless recipe for Celestial Notes with name ct_shapeless-128184352
[POSTINITIALIZATION][SERVER][INFO] Adding shapeless recipe for Celestial Notes with name ct_shapeless1032252544
[POSTINITIALIZATION][SERVER][INFO] Adding shapeless recipe for Celestial Notes with name ct_shapeless-2102277856
[POSTINITIALIZATION][SERVER][INFO] Adding shapeless recipe for Celestial Notes with name ct_shapeless-941840960
[POSTINITIALIZATION][SERVER][INFO] Adding shapeless recipe for Celestial Notes with name ct_shapeless218595936
[POSTINITIALIZATION][SERVER][INFO] Adding shapeless recipe for Celestial Notes with name ct_shapeless1379032832
[POSTINITIALIZATION][SERVER][INFO] Adding shapeless recipe for Celestial Notes with name ct_shapeless1897783358
[POSTINITIALIZATION][SERVER][INFO] Adding shapeless recipe for Celestial Notes with name ct_shapeless-550597760
[POSTINITIALIZATION][SERVER][INFO] Adding shaped recipe for Turbine Fluid Port (Legacy) with name bigreactors-turbinefluidport-modified
[POSTINITIALIZATION][SERVER][INFO] Adding shaped recipe for Turbine Housing (Legacy) with name bigreactors-turbinehousing-modified
[POSTINITIALIZATION][SERVER][INFO] Adding shaped recipe for Reactor Casing (Legacy) with name bigreactors-reactorcasing-modified
[POSTINITIALIZATION][SERVER][INFO] Adding shaped recipe for Reactor Casing Core (Legacy) with name bigreactors-reactorcasingcores-reremodified
[POSTINITIALIZATION][SERVER][INFO] Adding shaped recipe for Turbine Housing Core (Legacy) with name bigreactors-turbinehousingcores-reremodified
[POSTINITIALIZATION][SERVER][INFO] Adding shaped recipe for Reactor Glass (Legacy) with name bigreactors-reactorglass_vanillaglass-modified
[POSTINITIALIZATION][SERVER][INFO] Adding shaped recipe for Reactor Fuel Rod (Legacy) with name bigreactors-reactorfuelrod_vanillaglass-remodified
[POSTINITIALIZATION][SERVER][INFO] Adding shaped recipe for Reactor Coolant Port (Legacy) with name bigreactors-reactorcoolantport-modified
[POSTINITIALIZATION][SERVER][INFO] Adding shaped recipe for Reactor Control Rod (Legacy) with name bigreactors-reactorcontrolrod-modified
[POSTINITIALIZATION][SERVER][INFO] Adding shaped recipe for Turbine Glass (Legacy) with name bigreactors-turbineglass_vanillaglass-modified
[POSTINITIALIZATION][SERVER][INFO] Adding shaped recipe for Turbine Rotor Blade (Legacy) with name bigreactors-turbinerotorblade-modified
[POSTINITIALIZATION][SERVER][INFO] Adding shaped recipe for Turbine Rotor Shaft (Legacy) with name bigreactors-turbinerotorshaft-modified
[POSTINITIALIZATION][SERVER][INFO] Adding shaped recipe for Reactor Redstone Port (Legacy) with name bigreactors-reactorredstoneport-remodified
[POSTINITIALIZATION][SERVER][INFO] Adding shaped recipe for Turbine Controller (Legacy) with name bigreactors-turbinecontroller-reremodified
[POSTINITIALIZATION][SERVER][INFO] Adding shaped recipe for Extreme Wrench with name bigreactors-wrench-modified
[POSTINITIALIZATION][SERVER][INFO] Adding shaped recipe for Reactor Access Port (Legacy) with name bigreactors-reactoraccessport-modified
[POSTINITIALIZATION][SERVER][INFO] Adding shaped recipe for Reactor Controller (Legacy) with name bigreactors-reactorcontroller-reremodified
[POSTINITIALIZATION][SERVER][INFO] Adding shaped recipe for Reactor Redstone Flux Power Tap (Legacy) with name bigreactors-reactorpowertaprf-modified
[POSTINITIALIZATION][SERVER][INFO] Adding shaped recipe for Turbine Redstone Flux Power Tap (Legacy) with name bigreactors-turbinepowertaprf-modified
[AVAILABLE][SERVER][INFO] Attempting to remove mana infusion recipe for [<botania:manacookie>]
[AVAILABLE][SERVER][INFO] Removing 1 Botania Mana Infusion Recipe(s) for <botania:manacookie>
[AVAILABLE][SERVER][INFO] Adding 1 Botania Mana Infusion Recipe(s) for <buildinggadgets:constructionblockpowder> * 2
[AVAILABLE][SERVER][INFO] Altering Melting Recipe(s) for <liquid:blueslime> * 1000
[AVAILABLE][SERVER][INFO] Altering Melting Recipe(s) for <liquid:blueslime> * 250
[AVAILABLE][SERVER][INFO] Altering Casting Recipe(s) for <tconstruct:slime_congealed:1>
[AVAILABLE][SERVER][INFO] Altering Casting Recipe(s) for <tconstruct:edible:1>
[AVAILABLE][SERVER][INFO] Altering Casting Recipe(s) for <tconstruct:slime_congealed:2>
[AVAILABLE][SERVER][INFO] Altering Casting Recipe(s) for <tconstruct:edible:2>
[SERVER_ABOUT_TO_START][SERVER][INFO] Applied tweaks to table minecraft:chests/simple_dungeon
[SERVER_ABOUT_TO_START][SERVER][INFO] Applied tweaks to table minecraft:chests/nether_bridge
[SERVER_ABOUT_TO_START][SERVER][INFO] Applied tweaks to table minecraft:chests/abandoned_mineshaft
[SERVER_ABOUT_TO_START][SERVER][INFO] Applied tweaks to table minecraft:chests/jungle_temple
[SERVER_ABOUT_TO_START][SERVER][INFO] Applied tweaks to table minecraft:chests/desert_pyramid
[SERVER_ABOUT_TO_START][SERVER][INFO] Applied tweaks to table minecraft:chests/stronghold_library
[SERVER_ABOUT_TO_START][SERVER][INFO] Applied tweaks to table minecraft:chests/spawn_bonus_chest
[SERVER_ABOUT_TO_START][SERVER][INFO] Applied tweaks to table minecraft:chests/stronghold_corridor
[SERVER_ABOUT_TO_START][SERVER][INFO] Applied tweaks to table minecraft:chests/igloo_chest
[SERVER_ABOUT_TO_START][SERVER][INFO] Applied tweaks to table minecraft:chests/stronghold_crossing
[SERVER_ABOUT_TO_START][SERVER][INFO] Applied tweaks to table minecraft:chests/village_blacksmith
[SERVER_ABOUT_TO_START][SERVER][INFO] Applied tweaks to table minecraft:chests/woodland_mansion
[SERVER_ABOUT_TO_START][SERVER][INFO] Applied tweaks to table minecraft:chests/end_city_treasure
