[00:32:30] [Server thread/WARN] [net.minecraft.world.WorldServer]: Keeping entity minecraft:sheep that already exists with UUID a8a1ee7c-17a6-4c27-aaef-b9cf15f1ebde
[00:53:27] [Server thread/WARN] [net.minecraft.entity.EntityTrackerEntry]: Fetching addPacket for removed entity
[00:57:28] [Server thread/INFO] [net.minecraft.network.NetHandlerPlayServer]: alxmke lost connection: Internal Exception: io.netty.channel.unix.Errors$NativeIoException: syscall:read(..) failed: Connection reset by peer
[00:57:28] [Server thread/INFO] [net.minecraft.server.dedicated.DedicatedServer]: alxmke left the game
[00:57:34] [Server thread/INFO] [net.minecraft.server.dedicated.DedicatedServer]: Stopping the server
[00:57:34] [Server thread/INFO] [net.minecraft.server.MinecraftServer]: Stopping server
[00:57:34] [Server thread/INFO] [net.minecraft.server.MinecraftServer]: Saving players
[00:57:34] [Server thread/INFO] [net.minecraft.server.MinecraftServer]: Saving worlds
[00:57:34] [Server thread/INFO] [net.minecraft.server.MinecraftServer]: Saving chunks for level 'world'/overworld
[00:57:34] [Server thread/INFO] [net.minecraft.server.MinecraftServer]: Saving chunks for level 'world'/ExtraUtils2_Quarry_Dim
[00:57:34] [Server thread/INFO] [net.minecraft.server.MinecraftServer]: Saving chunks for level 'world'/Storage Cell
[00:57:34] [Server thread/INFO] [THAUMCRAFT]: Removing aura cache for world 0
[00:57:35] [Server thread/INFO] [THAUMCRAFT]: Removing aura cache for world -9999
[00:57:35] [Server thread/INFO] [THAUMCRAFT]: Removing aura cache for world 2
[00:57:35] [Server thread/INFO] [FML]: Unloading dimension 0
[00:57:35] [Server thread/INFO] [FML]: Unloading dimension -9999
[00:57:35] [Server thread/INFO] [FML]: Unloading dimension 2
[00:57:35] [Server thread/INFO] [mcjtylib_ng]: Cleaning up all world data: 2 data blobs
[00:57:35] [Thread-10/WARN] [THAUMCRAFT]: No auras found!
[00:57:35] [Thread-10/INFO] [THAUMCRAFT]: Stopping aura thread for dim 0
[00:57:35] [Server Shutdown Thread/INFO] [net.minecraft.server.MinecraftServer]: Stopping server
[00:57:35] [Server Shutdown Thread/INFO] [net.minecraft.server.MinecraftServer]: Saving players
[00:57:35] [Server Shutdown Thread/INFO] [net.minecraft.server.MinecraftServer]: Saving worlds
